{
  "RSpec": {
    "coverage": {
      "/Users/yuya/dev/ruby/torutsume/app/helpers/application_helper.rb": [
        1,
        null
      ],
      "/Users/yuya/dev/ruby/torutsume/app/helpers/comments_helper.rb": [
        1,
        null
      ],
      "/Users/yuya/dev/ruby/torutsume/app/helpers/home_helper.rb": [
        1,
        null
      ],
      "/Users/yuya/dev/ruby/torutsume/app/helpers/html_helper.rb": [
        1,
        1,
        6,
        null,
        null,
        1,
        3,
        null,
        null
      ],
      "/Users/yuya/dev/ruby/torutsume/app/helpers/texts_helper.rb": [
        1,
        null
      ],
      "/Users/yuya/dev/ruby/torutsume/spec/controllers/comments_controller_spec.rb": [
        1,
        null,
        1,
        null,
        null
      ],
      "/Users/yuya/dev/ruby/torutsume/app/controllers/comments_controller.rb": [
        1,
        null,
        1,
        0,
        0,
        0,
        null,
        0,
        null,
        null,
        null,
        1,
        1,
        0,
        null,
        null,
        1,
        0,
        null,
        null,
        null
      ],
      "/Users/yuya/dev/ruby/torutsume/app/controllers/application_controller.rb": [
        1,
        null,
        null,
        1,
        null
      ],
      "/Users/yuya/dev/ruby/torutsume/spec/controllers/home_controller_spec.rb": [
        1,
        null,
        1,
        null,
        1,
        1,
        1,
        1,
        null,
        null,
        null,
        null
      ],
      "/Users/yuya/dev/ruby/torutsume/app/controllers/home_controller.rb": [
        1,
        1,
        null,
        null
      ],
      "/Users/yuya/dev/ruby/torutsume/spec/controllers/texts_controller_spec.rb": [
        1,
        1,
        null,
        null,
        null,
        null,
        14,
        null,
        17,
        null,
        null,
        null,
        null,
        17,
        null,
        1,
        1,
        1,
        1,
        1,
        null,
        null,
        null,
        1,
        1,
        1,
        1,
        1,
        null,
        null,
        null,
        1,
        2,
        null,
        1,
        1,
        1,
        null,
        null,
        null,
        1,
        2,
        null,
        1,
        1,
        1,
        1,
        null,
        null,
        null,
        1,
        6,
        null,
        1,
        null,
        1,
        1,
        1,
        null,
        null,
        null,
        1,
        1,
        1,
        1,
        null,
        null,
        1,
        1,
        1,
        null,
        null,
        null,
        1,
        1,
        null,
        1,
        1,
        1,
        null,
        null,
        1,
        null,
        1,
        1,
        1,
        null,
        null,
        null,
        null,
        1,
        6,
        null,
        1,
        1,
        1,
        null,
        null,
        null,
        null,
        1,
        1,
        null,
        null,
        1,
        1,
        1,
        1,
        null,
        null,
        1,
        1,
        1,
        1,
        null,
        null,
        null,
        1,
        1,
        1,
        null,
        1,
        1,
        1,
        null,
        null,
        1,
        1,
        null,
        1,
        1,
        1,
        null,
        null,
        null,
        null,
        1,
        3,
        null,
        1,
        1,
        1,
        1,
        null,
        null,
        null,
        1,
        1,
        1,
        1,
        null,
        null,
        null,
        1,
        14,
        null,
        null
      ],
      "/Users/yuya/dev/ruby/torutsume/app/controllers/texts_controller.rb": [
        1,
        1,
        1,
        1,
        null,
        null,
        null,
        1,
        2,
        null,
        null,
        null,
        null,
        1,
        null,
        null,
        null,
        1,
        1,
        null,
        null,
        null,
        1,
        null,
        null,
        null,
        null,
        1,
        5,
        null,
        null,
        null,
        5,
        null,
        5,
        5,
        6,
        3,
        null,
        4,
        2,
        null,
        null,
        null,
        null,
        null,
        null,
        1,
        5,
        null,
        5,
        null,
        null,
        null,
        null,
        null,
        null,
        5,
        5,
        4,
        2,
        null,
        6,
        3,
        null,
        null,
        null,
        null,
        null,
        null,
        1,
        2,
        2,
        4,
        2,
        null,
        null,
        null,
        1,
        null,
        1,
        9,
        9,
        null,
        null,
        null,
        1,
        15,
        null,
        null,
        1,
        14,
        null,
        null,
        1,
        8,
        null,
        null
      ],
      "/Users/yuya/dev/ruby/torutsume/spec/helpers/comments_helper_spec.rb": [
        1,
        null,
        null,
        null,
        null,
        null,
        null,
        null,
        null,
        null,
        null,
        null,
        1,
        1,
        null
      ],
      "/Users/yuya/dev/ruby/torutsume/spec/helpers/home_helper_spec.rb": [
        1,
        null,
        null,
        null,
        null,
        null,
        null,
        null,
        null,
        null,
        null,
        null,
        1,
        1,
        null
      ],
      "/Users/yuya/dev/ruby/torutsume/spec/helpers/html_helper_spec.rb": [
        1,
        1,
        1,
        1,
        1,
        1,
        null,
        null,
        null,
        1,
        1,
        1,
        1,
        1,
        null,
        null,
        null,
        null
      ],
      "/Users/yuya/dev/ruby/torutsume/spec/helpers/texts_helper_spec.rb": [
        1,
        null,
        null,
        null,
        null,
        null,
        null,
        null,
        null,
        null,
        null,
        null,
        1,
        1,
        null
      ],
      "/Users/yuya/dev/ruby/torutsume/spec/lib/torutsume/git/repository_path_finder_spec.rb": [
        1,
        1,
        1,
        1,
        2,
        2,
        2,
        2,
        null,
        1,
        1,
        null,
        null,
        null,
        null,
        null
      ],
      "/Users/yuya/dev/ruby/torutsume/spec/lib/torutsume/git/repository_writer_spec.rb": [
        1,
        1,
        1,
        1,
        2,
        null,
        null,
        null,
        null,
        null,
        null,
        1,
        2,
        null,
        null,
        1,
        2,
        2,
        2,
        null,
        null,
        1,
        null,
        3,
        3,
        null,
        1,
        3,
        null,
        1,
        1,
        1,
        1,
        1,
        null,
        null,
        2,
        null,
        1,
        1,
        1,
        null,
        null,
        null,
        1,
        1,
        1,
        1,
        1,
        null,
        null,
        2,
        null,
        1,
        1,
        1,
        1,
        null,
        null,
        null,
        null,
        null,
        null
      ],
      "/Users/yuya/dev/ruby/torutsume/spec/lib/torutsume/text/poster_spec.rb": [
        1,
        1,
        1,
        null,
        null,
        1,
        2,
        null,
        null,
        null,
        null,
        null,
        3,
        null,
        3,
        null,
        1,
        3,
        null,
        1,
        1,
        1,
        1,
        1,
        null,
        null,
        1,
        1,
        1,
        1,
        1,
        1,
        null,
        null,
        null,
        1,
        1,
        1,
        1,
        1,
        1,
        null,
        null,
        2,
        null,
        1,
        1,
        1,
        1,
        1,
        1,
        1,
        null,
        null,
        null,
        null,
        null,
        null
      ],
      "/Users/yuya/dev/ruby/torutsume/spec/models/comment_spec.rb": [
        1,
        null,
        1,
        1,
        null
      ],
      "/Users/yuya/dev/ruby/torutsume/app/models/comment.rb": [
        1,
        1,
        1,
        null,
        1,
        9,
        null,
        null
      ],
      "/Users/yuya/dev/ruby/torutsume/spec/models/text_spec.rb": [
        1,
        null,
        1,
        1,
        null
      ],
      "/Users/yuya/dev/ruby/torutsume/app/models/text.rb": [
        1,
        1,
        null
      ],
      "/Users/yuya/dev/ruby/torutsume/spec/models/user_spec.rb": [
        1,
        null,
        1,
        1,
        null
      ],
      "/Users/yuya/dev/ruby/torutsume/spec/requests/texts_spec.rb": [
        1,
        null,
        1,
        1,
        1,
        null,
        1,
        1,
        null,
        null,
        null
      ],
      "/Users/yuya/dev/ruby/torutsume/spec/routing/texts_routing_spec.rb": [
        1,
        null,
        1,
        1,
        null,
        1,
        1,
        null,
        null,
        1,
        1,
        null,
        null,
        1,
        1,
        null,
        null,
        1,
        1,
        null,
        null,
        1,
        1,
        null,
        null,
        1,
        1,
        null,
        null,
        1,
        1,
        null,
        null,
        null,
        null
      ],
      "/Users/yuya/dev/ruby/torutsume/spec/views/home/index.html.slim_spec.rb": [
        1,
        null,
        1,
        1,
        null
      ],
      "/Users/yuya/dev/ruby/torutsume/spec/views/texts/edit.html.slim_spec.rb": [
        1,
        null,
        1,
        1,
        1,
        null,
        null,
        null,
        null,
        null,
        null,
        1,
        1,
        null,
        null,
        1,
        1,
        1,
        null,
        null,
        null
      ],
      "/Users/yuya/dev/ruby/torutsume/spec/views/texts/index.html.slim_spec.rb": [
        1,
        null,
        1,
        1,
        1,
        null,
        null,
        null,
        null,
        null,
        null,
        null,
        null,
        null,
        null,
        null,
        null,
        null,
        1,
        1,
        null,
        1,
        null,
        null
      ],
      "/Users/yuya/dev/ruby/torutsume/spec/views/texts/new.html.slim_spec.rb": [
        1,
        null,
        1,
        1,
        1,
        null,
        null,
        null,
        null,
        null,
        null,
        1,
        1,
        null,
        null,
        1,
        1,
        1,
        null,
        null,
        null
      ],
      "/Users/yuya/dev/ruby/torutsume/spec/views/texts/show.html.slim_spec.rb": [
        1,
        null,
        1,
        1,
        1,
        null,
        null,
        null,
        null,
        1,
        null,
        null,
        1,
        1,
        null,
        1,
        null,
        null
      ]
    },
    "timestamp": 1388778410
  }
}
